0 info it worked if it ends with ok
1 verbose cli [ '/usr/local/bin/node',
1 verbose cli   '/usr/local/bin/npm',
1 verbose cli   'install',
1 verbose cli   'now',
1 verbose cli   '-g',
1 verbose cli   '--unsafe-perm' ]
2 info using npm@3.10.10
3 info using node@v6.11.0
4 silly loadCurrentTree Starting
5 silly install loadCurrentTree
6 silly install readGlobalPackageData
7 silly fetchPackageMetaData now
8 silly fetchNamedPackageData now
9 silly mapToRegistry name now
10 silly mapToRegistry using default registry
11 silly mapToRegistry registry https://registry.npmjs.org/
12 silly mapToRegistry data Result {
12 silly mapToRegistry   raw: 'now',
12 silly mapToRegistry   scope: null,
12 silly mapToRegistry   escapedName: 'now',
12 silly mapToRegistry   name: 'now',
12 silly mapToRegistry   rawSpec: '',
12 silly mapToRegistry   spec: 'latest',
12 silly mapToRegistry   type: 'tag' }
13 silly mapToRegistry uri https://registry.npmjs.org/now
14 verbose request uri https://registry.npmjs.org/now
15 verbose request no auth needed
16 info attempt registry request try #1 at 1:26:05 AM
17 verbose request id d02ab4f232473b8b
18 verbose etag W/"b92f04c5146f9145cb4ae72925427c30"
19 verbose lastModified Thu, 06 Dec 2018 22:39:21 GMT
20 http request GET https://registry.npmjs.org/now
21 http 304 https://registry.npmjs.org/now
22 verbose headers { date: 'Fri, 07 Dec 2018 06:26:06 GMT',
22 verbose headers   connection: 'keep-alive',
22 verbose headers   'set-cookie': [ '__cfduid=d5ec0be87a1d1c939c6204215949df9e51544163966; expires=Sat, 07-Dec-19 06:26:06 GMT; path=/; domain=.registry.npmjs.org; HttpOnly' ],
22 verbose headers   'cf-cache-status': 'HIT',
22 verbose headers   'cache-control': 'max-age=300',
22 verbose headers   'cf-ray': '4854eb33dafb9f72-IAD',
22 verbose headers   etag: '"b92f04c5146f9145cb4ae72925427c30"',
22 verbose headers   'expect-ct': 'max-age=604800, report-uri="https://report-uri.cloudflare.com/cdn-cgi/beacon/expect-ct"',
22 verbose headers   'last-modified': 'Thu, 06 Dec 2018 22:39:21 GMT',
22 verbose headers   vary: 'accept-encoding, accept',
22 verbose headers   'x-amz-meta-rev': '689-4e39ef57163aaf29df1d7089203a41bb',
22 verbose headers   server: 'cloudflare' }
23 silly get cb [ 304,
23 silly get   { date: 'Fri, 07 Dec 2018 06:26:06 GMT',
23 silly get     connection: 'keep-alive',
23 silly get     'set-cookie': [ '__cfduid=d5ec0be87a1d1c939c6204215949df9e51544163966; expires=Sat, 07-Dec-19 06:26:06 GMT; path=/; domain=.registry.npmjs.org; HttpOnly' ],
23 silly get     'cf-cache-status': 'HIT',
23 silly get     'cache-control': 'max-age=300',
23 silly get     'cf-ray': '4854eb33dafb9f72-IAD',
23 silly get     etag: '"b92f04c5146f9145cb4ae72925427c30"',
23 silly get     'expect-ct': 'max-age=604800, report-uri="https://report-uri.cloudflare.com/cdn-cgi/beacon/expect-ct"',
23 silly get     'last-modified': 'Thu, 06 Dec 2018 22:39:21 GMT',
23 silly get     vary: 'accept-encoding, accept',
23 silly get     'x-amz-meta-rev': '689-4e39ef57163aaf29df1d7089203a41bb',
23 silly get     server: 'cloudflare' } ]
24 verbose etag https://registry.npmjs.org/now from cache
25 verbose get saving now to /Users/jordanmess/.npm/registry.npmjs.org/now/.cache.json
26 verbose correctMkdir /Users/jordanmess/.npm correctMkdir not in flight; initializing
27 silly install normalizeTree
28 silly loadCurrentTree Finishing
29 silly loadIdealTree Starting
30 silly install loadIdealTree
31 silly cloneCurrentTree Starting
32 silly install cloneCurrentTreeToIdealTree
33 silly cloneCurrentTree Finishing
34 silly loadShrinkwrap Starting
35 silly install loadShrinkwrap
36 silly loadShrinkwrap Finishing
37 silly loadAllDepsIntoIdealTree Starting
38 silly install loadAllDepsIntoIdealTree
39 silly resolveWithNewModule now@12.1.9 checking installable status
40 silly cache add args [ 'now', null ]
41 verbose cache add spec now
42 silly cache add parsed spec Result {
42 silly cache add   raw: 'now',
42 silly cache add   scope: null,
42 silly cache add   escapedName: 'now',
42 silly cache add   name: 'now',
42 silly cache add   rawSpec: '',
42 silly cache add   spec: 'latest',
42 silly cache add   type: 'tag' }
43 silly addNamed now@latest
44 verbose addNamed "latest" is being treated as a dist-tag for now
45 info addNameTag [ 'now', 'latest' ]
46 silly mapToRegistry name now
47 silly mapToRegistry using default registry
48 silly mapToRegistry registry https://registry.npmjs.org/
49 silly mapToRegistry data Result {
49 silly mapToRegistry   raw: 'now',
49 silly mapToRegistry   scope: null,
49 silly mapToRegistry   escapedName: 'now',
49 silly mapToRegistry   name: 'now',
49 silly mapToRegistry   rawSpec: '',
49 silly mapToRegistry   spec: 'latest',
49 silly mapToRegistry   type: 'tag' }
50 silly mapToRegistry uri https://registry.npmjs.org/now
51 verbose addNameTag registry:https://registry.npmjs.org/now not in flight; fetching
52 verbose get https://registry.npmjs.org/now not expired, no request
53 silly addNameTag next cb for now with tag latest
54 silly addNamed now@12.1.9
55 verbose addNamed "12.1.9" is a plain semver version for now
56 silly cache afterAdd now@12.1.9
57 verbose afterAdd /Users/jordanmess/.npm/now/12.1.9/package/package.json not in flight; writing
58 verbose correctMkdir /Users/jordanmess/.npm correctMkdir not in flight; initializing
59 verbose afterAdd /Users/jordanmess/.npm/now/12.1.9/package/package.json written
60 silly loadAllDepsIntoIdealTree Finishing
61 silly loadIdealTree Finishing
62 silly currentTree lib
63 silly idealTree lib
63 silly idealTree └── now@12.1.9
64 silly generateActionsToTake Starting
65 silly install generateActionsToTake
66 silly generateActionsToTake Finishing
67 silly diffTrees action count 1
68 silly diffTrees add now@12.1.9
69 silly decomposeActions action count 8
70 silly decomposeActions fetch now@12.1.9
71 silly decomposeActions extract now@12.1.9
72 silly decomposeActions test now@12.1.9
73 silly decomposeActions preinstall now@12.1.9
74 silly decomposeActions build now@12.1.9
75 silly decomposeActions install now@12.1.9
76 silly decomposeActions postinstall now@12.1.9
77 silly decomposeActions finalize now@12.1.9
78 silly runTopLevelLifecycles Starting
79 silly executeActions Starting
80 silly install executeActions
81 silly doSerial global-install 0
82 silly doParallel fetch 1
83 verbose correctMkdir /Users/jordanmess/.npm/_locks correctMkdir not in flight; initializing
84 verbose lock using /Users/jordanmess/.npm/_locks/staging-3a08f0df5026584d.lock for /usr/local/lib/node_modules/.staging
85 silly doParallel extract 1
86 silly extract now@12.1.9
87 verbose unbuild lib/node_modules/.staging/now-b6975e36
88 silly gentlyRm /usr/local/lib/node_modules/.staging/now-b6975e36 is being purged from base /usr/local
89 verbose gentlyRm don't care about contents; nuking /usr/local/lib/node_modules/.staging/now-b6975e36
90 verbose tar unpack /Users/jordanmess/.npm/now/12.1.9/package.tgz
91 verbose tar unpacking to /usr/local/lib/node_modules/.staging/now-b6975e36
92 silly gentlyRm /usr/local/lib/node_modules/.staging/now-b6975e36 is being purged
93 verbose gentlyRm don't care about contents; nuking /usr/local/lib/node_modules/.staging/now-b6975e36
94 silly gunzTarPerm modes [ '755', '644' ]
95 silly gunzTarPerm extractEntry package.json
96 silly gunzTarPerm extractEntry LICENSE
97 silly gunzTarPerm extractEntry README.md
98 silly gunzTarPerm extractEntry download/dist/index.js
99 silly gunzTarPerm extractEntry download/dist/now
100 silly gunzTarPerm extractEntry download/install.js
101 silly gentlyRm /usr/local/lib/node_modules/.staging/now-b6975e36/node_modules is being purged
102 verbose gentlyRm don't care about contents; nuking /usr/local/lib/node_modules/.staging/now-b6975e36/node_modules
103 silly doParallel preinstall 1
104 silly preinstall now@12.1.9 /usr/local/lib/node_modules/.staging/now-b6975e36
105 info lifecycle now@12.1.9~preinstall: now@12.1.9
106 silly lifecycle now@12.1.9~preinstall: no script for preinstall, continuing
107 silly doReverseSerial remove 0
108 silly doSerial move 0
109 silly doSerial finalize 1
110 silly finalize /usr/local/lib/node_modules/now
111 silly doSerial build 1
112 silly build now@12.1.9
113 info linkStuff now@12.1.9
114 silly linkStuff now@12.1.9 has /usr/local/lib/node_modules as its parent node_modules
115 silly linkStuff now@12.1.9 is part of a global install
116 silly linkStuff now@12.1.9 is installed into a global node_modules
117 silly linkStuff now@12.1.9 is installed into the top-level global node_modules
118 verbose linkBins now@12.1.9
119 verbose link bins [ { now: 'download/dist/now' }, '/usr/local/bin', true ]
120 verbose linkMans now@12.1.9
121 silly doSerial global-link 0
122 silly doParallel update-linked 0
123 silly doSerial install 1
124 silly install now@12.1.9 /usr/local/lib/node_modules/.staging/now-b6975e36
125 info lifecycle now@12.1.9~install: now@12.1.9
126 silly lifecycle now@12.1.9~install: no script for install, continuing
127 silly doSerial postinstall 1
128 silly postinstall now@12.1.9 /usr/local/lib/node_modules/.staging/now-b6975e36
129 info lifecycle now@12.1.9~postinstall: now@12.1.9
130 verbose lifecycle now@12.1.9~postinstall: unsafe-perm in lifecycle true
131 verbose lifecycle now@12.1.9~postinstall: PATH: /usr/local/lib/node_modules/npm/bin/node-gyp-bin:/usr/local/lib/node_modules/now/node_modules/.bin:/usr/local/lib/node_modules/.bin:/Users/jordanmess/.cargo/bin:/Users/jordanmess/.opam/4.04.0/bin:/Users/jordanmess/.cargo/bin:/Users/jordanmess/.rvm/gems/ruby-2.4.0/bin:/Users/jordanmess/.rvm/gems/ruby-2.4.0@global/bin:/Users/jordanmess/.rvm/rubies/ruby-2.4.0/bin:/usr/local/bin:/usr/bin:/bin:/usr/sbin:/sbin:/opt/X11/bin:/Users/jordanmess/.rvm/bin
132 verbose lifecycle now@12.1.9~postinstall: CWD: /usr/local/lib/node_modules/now
133 silly lifecycle now@12.1.9~postinstall: Args: [ '-c', 'node download/install.js' ]
134 silly lifecycle now@12.1.9~postinstall: Returned: code: 1  signal: null
135 info lifecycle now@12.1.9~postinstall: Failed to exec postinstall script
136 verbose unlock done using /Users/jordanmess/.npm/_locks/staging-3a08f0df5026584d.lock for /usr/local/lib/node_modules/.staging
137 silly rollbackFailedOptional Starting
138 silly rollbackFailedOptional Finishing
139 silly runTopLevelLifecycles Finishing
140 silly install printInstalled
141 verbose stack Error: now@12.1.9 postinstall: `node download/install.js`
141 verbose stack Exit status 1
141 verbose stack     at EventEmitter.<anonymous> (/usr/local/lib/node_modules/npm/lib/utils/lifecycle.js:255:16)
141 verbose stack     at emitTwo (events.js:106:13)
141 verbose stack     at EventEmitter.emit (events.js:191:7)
141 verbose stack     at ChildProcess.<anonymous> (/usr/local/lib/node_modules/npm/lib/utils/spawn.js:40:14)
141 verbose stack     at emitTwo (events.js:106:13)
141 verbose stack     at ChildProcess.emit (events.js:191:7)
141 verbose stack     at maybeClose (internal/child_process.js:891:16)
141 verbose stack     at Process.ChildProcess._handle.onexit (internal/child_process.js:226:5)
142 verbose pkgid now@12.1.9
143 verbose cwd /Users/jordanmess/OneDrive/389Kfall18/projects/final-project
144 error Darwin 18.0.0
145 error argv "/usr/local/bin/node" "/usr/local/bin/npm" "install" "now" "-g" "--unsafe-perm"
146 error node v6.11.0
147 error npm  v3.10.10
148 error code ELIFECYCLE
149 error now@12.1.9 postinstall: `node download/install.js`
149 error Exit status 1
150 error Failed at the now@12.1.9 postinstall script 'node download/install.js'.
150 error Make sure you have the latest version of node.js and npm installed.
150 error If you do, this is most likely a problem with the now package,
150 error not with npm itself.
150 error Tell the author that this fails on your system:
150 error     node download/install.js
150 error You can get information on how to open an issue for this project with:
150 error     npm bugs now
150 error Or if that isn't available, you can get their info via:
150 error     npm owner ls now
150 error There is likely additional logging output above.
151 verbose exit [ 1, true ]
